<?xml version="1.0" encoding="UTF-8"?>
<!-- Generated by org.testng.reporters.JUnitReportReporter -->
<testsuite skipped="0" hostname="DESKTOP-20B3NA9" name="scripts.TestValidLoginAsAdmin" tests="1" failures="0" timestamp="2019-10-08T06:36:53 IST" time="16.322" errors="0">
  <testcase name="testValidLogin" time="16.322" classname="scripts.TestValidLoginAsAdmin"/>
</testsuite> <!-- scripts.TestValidLoginAsAdmin -->
