<?xml version="1.0" encoding="UTF-8"?>
<!-- Generated by org.testng.reporters.JUnitReportReporter -->
<testsuite skipped="0" hostname="DESKTOP-20B3NA9" name="scripts.LoginPageTest" tests="4" failures="0" timestamp="2020-01-10T02:37:23 IST" time="66.381" errors="0">
  <testcase name="testValidLogin" time="15.499" classname="scripts.LoginPageTest"/>
  <testcase name="testInvalidLogin" time="18.452" classname="scripts.LoginPageTest"/>
  <testcase name="testInvalidLogin" time="13.912" classname="scripts.LoginPageTest"/>
  <testcase name="testInvalidLogin" time="18.518" classname="scripts.LoginPageTest"/>
</testsuite> <!-- scripts.LoginPageTest -->
